{
  "RSpec": {
    "coverage": {
      "/home/fantastic-cast-9915/tic-tac-toe-rb-nyc-fasttrack-020120/lib/tic_tac_toe.rb": [
        1,
        5,
        5,
        5,
        5,
        5,
        null,
        null,
        1,
        7,
        null,
        null,
        1,
        0,
        0,
        null,
        null,
        null,
        1,
        null,
        null,
        null,
        null,
        null,
        null,
        null,
        null,
        null,
        null,
        null,
        1,
        null,
        10,
        70,
        70,
        194,
        5,
        null,
        null,
        null,
        5,
        null,
        null,
        1,
        59,
        null,
        null,
        1,
        5,
        null,
        null,
        1,
        3,
        null,
        null,
        1,
        3,
        3,
        2,
        null,
        null,
        null,
        null,
        null,
        null,
        1,
        11,
        null,
        null,
        1,
        7,
        null,
        null,
        null,
        null,
        1,
        9,
        9,
        81,
        5,
        null,
        null,
        9,
        null,
        null,
        1,
        8,
        0,
        null,
        8,
        null,
        null,
        null,
        null,
        null,
        1,
        null,
        6,
        null,
        6,
        null,
        null,
        1,
        3,
        3,
        null,
        3,
        3,
        1,
        1,
        null,
        1,
        null,
        3,
        3,
        null,
        null,
        1,
        1,
        1,
        null,
        1,
        0,
        null,
        0,
        null,
        null
      ]
    },
    "timestamp": 1580669547
  }
}
